Using pre-set license
Built from '2022.3/release' branch; Version is '2022.3.5f1 (9674261d40ee) revision 9860134'; Using compiler version '192829333'; Build Type 'Release'
OS: 'Windows 11  (10.0.22621) 64bit Core' Language: 'es' Physical Memory: 12130 MB
BatchMode: 1, IsHumanControllingUs: 0, StartBugReporterOnCrash: 0, Is64bit: 1, IsPro: 1

COMMAND LINE ARGUMENTS:
C:\Program Files\Unity\Hub\Editor\2022.3.5f1\Editor\Unity.exe
-adb2
-batchMode
-noUpm
-name
AssetImportWorker2
-projectPath
C:/Users/Susana/Documents/GitHub/proyecto/Los-Capibaras
-logFile
Logs/AssetImportWorker2.log
-srvPort
51457
Successfully changed project path to: C:/Users/Susana/Documents/GitHub/proyecto/Los-Capibaras
C:/Users/Susana/Documents/GitHub/proyecto/Los-Capibaras
[UnityMemory] Configuration Parameters - Can be set up in boot.config
    "memorysetup-bucket-allocator-granularity=16"
    "memorysetup-bucket-allocator-bucket-count=8"
    "memorysetup-bucket-allocator-block-size=33554432"
    "memorysetup-bucket-allocator-block-count=8"
    "memorysetup-main-allocator-block-size=16777216"
    "memorysetup-thread-allocator-block-size=16777216"
    "memorysetup-gfx-main-allocator-block-size=16777216"
    "memorysetup-gfx-thread-allocator-block-size=16777216"
    "memorysetup-cache-allocator-block-size=4194304"
    "memorysetup-typetree-allocator-block-size=2097152"
    "memorysetup-profiler-bucket-allocator-granularity=16"
    "memorysetup-profiler-bucket-allocator-bucket-count=8"
    "memorysetup-profiler-bucket-allocator-block-size=33554432"
    "memorysetup-profiler-bucket-allocator-block-count=8"
    "memorysetup-profiler-allocator-block-size=16777216"
    "memorysetup-profiler-editor-allocator-block-size=1048576"
    "memorysetup-temp-allocator-size-main=16777216"
    "memorysetup-job-temp-allocator-block-size=2097152"
    "memorysetup-job-temp-allocator-block-size-background=1048576"
    "memorysetup-job-temp-allocator-reduction-small-platforms=262144"
    "memorysetup-allocator-temp-initial-block-size-main=262144"
    "memorysetup-allocator-temp-initial-block-size-worker=262144"
    "memorysetup-temp-allocator-size-background-worker=32768"
    "memorysetup-temp-allocator-size-job-worker=262144"
    "memorysetup-temp-allocator-size-preload-manager=33554432"
    "memorysetup-temp-allocator-size-nav-mesh-worker=65536"
    "memorysetup-temp-allocator-size-audio-worker=65536"
    "memorysetup-temp-allocator-size-cloud-worker=32768"
    "memorysetup-temp-allocator-size-gi-baking-worker=262144"
    "memorysetup-temp-allocator-size-gfx=262144"
Player connection [9580] Host "[IP] 192.168.1.9 [Port] 0 [Flags] 2 [Guid] 1522131912 [EditorId] 1522131912 [Version] 1048832 [Id] WindowsEditor(7,Susi) [Debug] 1 [PackageName] WindowsEditor [ProjectName] Editor" joined multi-casting on [225.0.0.222:54997]...

Player connection [9580] Host "[IP] 192.168.1.9 [Port] 0 [Flags] 2 [Guid] 1522131912 [EditorId] 1522131912 [Version] 1048832 [Id] WindowsEditor(7,Susi) [Debug] 1 [PackageName] WindowsEditor [ProjectName] Editor" joined alternative multi-casting on [225.0.0.222:34997]...

Refreshing native plugins compatible for Editor in 15.87 ms, found 3 plugins.
Preloading 0 native plugins for Editor in 0.00 ms.
Initialize engine version: 2022.3.5f1 (9674261d40ee)
[Subsystems] Discovering subsystems at path C:/Program Files/Unity/Hub/Editor/2022.3.5f1/Editor/Data/Resources/UnitySubsystems
[Subsystems] Discovering subsystems at path C:/Users/Susana/Documents/GitHub/proyecto/Los-Capibaras/Assets
GfxDevice: creating device client; threaded=0; jobified=0
Direct3D:
    Version:  Direct3D 11.0 [level 11.1]
    Renderer: NVIDIA GeForce GTX 1050 Ti (ID=0x1c8c)
    Vendor:   NVIDIA
    VRAM:     4017 MB
    Driver:   31.0.15.4601
Initialize mono
Mono path[0] = 'C:/Program Files/Unity/Hub/Editor/2022.3.5f1/Editor/Data/Managed'
Mono path[1] = 'C:/Program Files/Unity/Hub/Editor/2022.3.5f1/Editor/Data/MonoBleedingEdge/lib/mono/unityjit-win32'
Mono config path = 'C:/Program Files/Unity/Hub/Editor/2022.3.5f1/Editor/Data/MonoBleedingEdge/etc'
Using monoOptions --debugger-agent=transport=dt_socket,embedding=1,server=y,suspend=n,address=127.0.0.1:56816
Begin MonoManager ReloadAssembly
Registering precompiled unity dll's ...
Register platform support module: C:/Program Files/Unity/Hub/Editor/2022.3.5f1/Editor/Data/PlaybackEngines/WebGLSupport/UnityEditor.WebGL.Extensions.dll
Register platform support module: C:/Program Files/Unity/Hub/Editor/2022.3.5f1/Editor/Data/PlaybackEngines/WindowsStandaloneSupport/UnityEditor.WindowsStandalone.Extensions.dll
Registered in 0.012314 seconds.
- Loaded All Assemblies, in  0.429 seconds
Native extension for WindowsStandalone target not found
Native extension for WebGL target not found
Mono: successfully reloaded assembly
- Finished resetting the current domain, in  0.331 seconds
Domain Reload Profiling: 756ms
	BeginReloadAssembly (105ms)
		ExecutionOrderSort (0ms)
		DisableScriptedObjects (0ms)
		BackupInstance (0ms)
		ReleaseScriptingObjects (0ms)
		CreateAndSetChildDomain (1ms)
	RebuildCommonClasses (40ms)
	RebuildNativeTypeToScriptingClass (20ms)
	initialDomainReloadingComplete (79ms)
	LoadAllAssembliesAndSetupDomain (181ms)
		LoadAssemblies (102ms)
		RebuildTransferFunctionScriptingTraits (0ms)
		AnalyzeDomain (171ms)
			TypeCache.Refresh (170ms)
				TypeCache.ScanAssembly (157ms)
			ScanForSourceGeneratedMonoScriptInfo (0ms)
			ResolveRequiredComponents (0ms)
	FinalizeReload (331ms)
		ReleaseScriptCaches (0ms)
		RebuildScriptCaches (0ms)
		SetupLoadedEditorAssemblies (249ms)
			LogAssemblyErrors (0ms)
			InitializePlatformSupportModulesInManaged (13ms)
			SetLoadedEditorAssemblies (7ms)
			RefreshPlugins (0ms)
			BeforeProcessingInitializeOnLoad (2ms)
			ProcessInitializeOnLoadAttributes (163ms)
			ProcessInitializeOnLoadMethodAttributes (64ms)
			AfterProcessingInitializeOnLoad (0ms)
			EditorAssembliesLoaded (0ms)
		ExecutionOrderSort2 (0ms)
		AwakeInstancesAfterBackupRestoration (0ms)
========================================================================
Worker process is ready to serve import requests
Begin MonoManager ReloadAssembly
Symbol file LoadedFromMemory doesn't match image C:\Users\Susana\Documents\GitHub\proyecto\Los-Capibaras\Library\PackageCache\com.unity.visualscripting@1.8.0\Editor\VisualScripting.Core\Dependencies\YamlDotNet\Unity.VisualScripting.YamlDotNet.dll
Symbol file LoadedFromMemory doesn't match image C:\Users\Susana\Documents\GitHub\proyecto\Los-Capibaras\Library\PackageCache\com.unity.visualscripting@1.8.0\Editor\VisualScripting.Core\Dependencies\DotNetZip\Unity.VisualScripting.IonicZip.dll
- Loaded All Assemblies, in  0.655 seconds
Refreshing native plugins compatible for Editor in 5.83 ms, found 3 plugins.
Native extension for WindowsStandalone target not found
Native extension for WebGL target not found
Mono: successfully reloaded assembly
- Finished resetting the current domain, in  0.414 seconds
Domain Reload Profiling: 1066ms
	BeginReloadAssembly (143ms)
		ExecutionOrderSort (0ms)
		DisableScriptedObjects (6ms)
		BackupInstance (0ms)
		ReleaseScriptingObjects (0ms)
		CreateAndSetChildDomain (22ms)
	RebuildCommonClasses (37ms)
	RebuildNativeTypeToScriptingClass (12ms)
	initialDomainReloadingComplete (51ms)
	LoadAllAssembliesAndSetupDomain (408ms)
		LoadAssemblies (233ms)
		RebuildTransferFunctionScriptingTraits (0ms)
		AnalyzeDomain (242ms)
			TypeCache.Refresh (241ms)
				TypeCache.ScanAssembly (229ms)
			ScanForSourceGeneratedMonoScriptInfo (1ms)
			ResolveRequiredComponents (0ms)
	FinalizeReload (415ms)
		ReleaseScriptCaches (0ms)
		RebuildScriptCaches (0ms)
		SetupLoadedEditorAssemblies (261ms)
			LogAssemblyErrors (0ms)
			InitializePlatformSupportModulesInManaged (8ms)
			SetLoadedEditorAssemblies (4ms)
			RefreshPlugins (0ms)
			BeforeProcessingInitializeOnLoad (93ms)
			ProcessInitializeOnLoadAttributes (126ms)
			ProcessInitializeOnLoadMethodAttributes (21ms)
			AfterProcessingInitializeOnLoad (10ms)
			EditorAssembliesLoaded (0ms)
		ExecutionOrderSort2 (0ms)
		AwakeInstancesAfterBackupRestoration (12ms)
Launched and connected shader compiler UnityShaderCompiler.exe after 0.06 seconds
Refreshing native plugins compatible for Editor in 7.01 ms, found 3 plugins.
Preloading 0 native plugins for Editor in 0.00 ms.
Unloading 4968 Unused Serialized files (Serialized files now loaded: 0)
Unloading 109 unused Assets / (6.9 MB). Loaded Objects now: 5336.
Memory consumption went from 168.5 MB to 161.7 MB.
Total: 6.340200 ms (FindLiveObjects: 0.387600 ms CreateObjectMapping: 0.355300 ms MarkObjects: 2.913600 ms  DeleteObjects: 2.682800 ms)

AssetImportParameters requested are different than current active one (requested -> active):
  custom:video-decoder-ogg-theora: a1e56fd34408186e4bbccfd4996cb3dc -> 
  custom:container-muxer-webm: aa71ff27fc2769a1b78a27578f13a17b -> 
  custom:container-demuxer-webm: 4f35f7cbe854078d1ac9338744f61a02 -> 
  custom:video-encoder-webm-vp8: eb34c28f22e8b96e1ab97ce403110664 -> 
  custom:video-codec-MediaFoundation-h265: 746d11721c4dcdbdad8f713fa42b33f4 -> 
  custom:CustomObjectIndexerAttribute: 756ad292c208cfabdd7b50bc23989ffe -> 
  custom:audio-encoder-webm-vorbis: bf7c407c2cedff20999df2af8eb42d56 -> 
  custom:framework-win-MediaFoundation: 216162199b28c13a410421893ffa2e32 -> 
  custom:container-demuxer-ogg: 62fdf1f143b41e24485cea50d1cbac27 -> 
  custom:video-decoder-webm-vp8: 9c59270c3fd7afecdb556c50c9e8de78 -> 
  custom:audio-decoder-ogg-vorbis: bf7c407c2cedff20999df2af8eb42d56 -> 
  custom:AudioImporter_EditorPlatform: d09bf68614088b80899f8185d706f6e7 -> 
  custom:scripting/precompiled-assembly-types:Unity.Burst.Cecil.Rocks:  -> 437ffcd7628e1436004701f82021574b
  custom:scripting/precompiled-assembly-types:Unity.VisualScripting.YamlDotNet:  -> 42147c7a78dea3b36998a42e40ee1ca1
  custom:scripting/precompiled-assembly-types:Unity.VisualScripting.TextureAssets:  -> c56209796e0bbe0cf0954c819164de90
  custom:scripting/precompiled-assembly-types:unityplastic:  -> c88b43b34128fd408eae2a5e7f1e6a51
  custom:scripting/precompiled-assembly-types:log4net:  -> 019978558686b3dbe60f5be7e8a69682
  custom:scripting/precompiled-assembly-types:Unity.VisualScripting.IonicZip:  -> cbdf74419b68ead93c00ca698cf31212
  custom:scripting/precompiled-assembly-types:Unity.Plastic.Newtonsoft.Json:  -> c587937513b02a3c784dfd4229f1b707
  custom:scripting/precompiled-assembly-types:Unity.Plastic.Antlr3.Runtime:  -> 6770513df7cfb4050a1e6f0a02312f5b
  custom:scripting/precompiled-assembly-types:ReportGeneratorMerged:  -> a1824cb2563ee3a5abc6d3e314b6fbb6
  custom:scripting/precompiled-assembly-types:Unity.Burst.Cecil.Pdb:  -> 542ee58f25ed060f438b710d2d8b4fbd
  custom:scripting/precompiled-assembly-types:Unity.Burst.Cecil:  -> 997689720027a6523ba4efde94923b20
  custom:scripting/precompiled-assembly-types:Unity.Burst.Cecil.Mdb:  -> 267a0ac2928f725ab1cc9882bbfb898d
  custom:scripting/precompiled-assembly-types:Unity.Burst.Unsafe:  -> 4f83dd30d4d7964b63b36d2fe1e95684
  custom:scripting/precompiled-assembly-types:Unity.VisualScripting.Antlr3.Runtime:  -> faf423e1a2226361a83dad1da848e5b7
  custom:scripting/precompiled-assembly-types:nunit.framework:  -> de9c6147ae45b4e3446d0e562fb3bbe3
========================================================================
Received Import Request.
  Time since last request: 158523.867471 seconds.
  path: Assets/Ejercicios/Ejercicio1 Tornado/Susana Bustamante/Texture/Flowing_Bands.png
  artifactKey: Guid(dd13f8cbb9bcdbb4cb7dc48a6b10eb65) Importer(815301076,1909f56bfc062723c751e8b465ee728b)
Start importing Assets/Ejercicios/Ejercicio1 Tornado/Susana Bustamante/Texture/Flowing_Bands.png using Guid(dd13f8cbb9bcdbb4cb7dc48a6b10eb65) Importer(815301076,1909f56bfc062723c751e8b465ee728b)  -> (artifact id: '4a1ac8ca6a05ed91dba3d1ef9bda7eb5') in 0.102618 seconds
Number of updated asset objects reloaded before import = 0
Number of asset objects unloaded after import = 2
========================================================================
Received Import Request.
  Time since last request: 3.399095 seconds.
  path: Assets/Ejercicios/Ejercicio1 Tornado/Susana Bustamante/Prefabs/Tornado.prefab
  artifactKey: Guid(2a11197c9d568e24cbdf766b8d7b983e) Importer(815301076,1909f56bfc062723c751e8b465ee728b)
Start importing Assets/Ejercicios/Ejercicio1 Tornado/Susana Bustamante/Prefabs/Tornado.prefab using Guid(2a11197c9d568e24cbdf766b8d7b983e) Importer(815301076,1909f56bfc062723c751e8b465ee728b)  -> (artifact id: 'fd8730af44c2a886e1528ba6182f2842') in 0.122035 seconds
Number of updated asset objects reloaded before import = 0
Number of asset objects unloaded after import = 45
========================================================================
Received Import Request.
  Time since last request: 6.256339 seconds.
  path: Assets/Ejercicios/Ejercicio1 Tornado/Susana Bustamante/Mesh/Tornado.fbx
  artifactKey: Guid(eae1acf7460ba8541b84deb13fde041d) Importer(815301076,1909f56bfc062723c751e8b465ee728b)
Start importing Assets/Ejercicios/Ejercicio1 Tornado/Susana Bustamante/Mesh/Tornado.fbx using Guid(eae1acf7460ba8541b84deb13fde041d) Importer(815301076,1909f56bfc062723c751e8b465ee728b)  -> (artifact id: '5506199de696cc6ffd366d152c0d57cb') in 0.109312 seconds
Number of updated asset objects reloaded before import = 0
Number of asset objects unloaded after import = 7
========================================================================
Received Import Request.
  Time since last request: 9.808016 seconds.
  path: Assets/Ejercicios/Ejercicio1 Tornado/Susana Bustamante/Mesh
  artifactKey: Guid(bc6140f1891022649ad5331ece30ca76) Importer(815301076,1909f56bfc062723c751e8b465ee728b)
Start importing Assets/Ejercicios/Ejercicio1 Tornado/Susana Bustamante/Mesh using Guid(bc6140f1891022649ad5331ece30ca76) Importer(815301076,1909f56bfc062723c751e8b465ee728b)  -> (artifact id: 'f9d72de7679f9ff61bd47cd5efaeab1d') in 0.000638 seconds
Number of updated asset objects reloaded before import = 0
Number of asset objects unloaded after import = 0
