Using pre-set license
Built from '2022.3/release' branch; Version is '2022.3.5f1 (9674261d40ee) revision 9860134'; Using compiler version '192829333'; Build Type 'Release'
OS: 'Windows 11  (10.0.22621) 64bit Core' Language: 'es' Physical Memory: 12130 MB
BatchMode: 1, IsHumanControllingUs: 0, StartBugReporterOnCrash: 0, Is64bit: 1, IsPro: 1

COMMAND LINE ARGUMENTS:
C:\Program Files\Unity\Hub\Editor\2022.3.5f1\Editor\Unity.exe
-adb2
-batchMode
-noUpm
-name
AssetImportWorker0
-projectPath
C:/Users/Susana/Documents/GitHub/proyecto/Los-Capibaras
-logFile
Logs/AssetImportWorker0.log
-srvPort
51457
Successfully changed project path to: C:/Users/Susana/Documents/GitHub/proyecto/Los-Capibaras
C:/Users/Susana/Documents/GitHub/proyecto/Los-Capibaras
[UnityMemory] Configuration Parameters - Can be set up in boot.config
    "memorysetup-bucket-allocator-granularity=16"
    "memorysetup-bucket-allocator-bucket-count=8"
    "memorysetup-bucket-allocator-block-size=33554432"
    "memorysetup-bucket-allocator-block-count=8"
    "memorysetup-main-allocator-block-size=16777216"
    "memorysetup-thread-allocator-block-size=16777216"
    "memorysetup-gfx-main-allocator-block-size=16777216"
    "memorysetup-gfx-thread-allocator-block-size=16777216"
    "memorysetup-cache-allocator-block-size=4194304"
    "memorysetup-typetree-allocator-block-size=2097152"
    "memorysetup-profiler-bucket-allocator-granularity=16"
    "memorysetup-profiler-bucket-allocator-bucket-count=8"
    "memorysetup-profiler-bucket-allocator-block-size=33554432"
    "memorysetup-profiler-bucket-allocator-block-count=8"
    "memorysetup-profiler-allocator-block-size=16777216"
    "memorysetup-profiler-editor-allocator-block-size=1048576"
    "memorysetup-temp-allocator-size-main=16777216"
    "memorysetup-job-temp-allocator-block-size=2097152"
    "memorysetup-job-temp-allocator-block-size-background=1048576"
    "memorysetup-job-temp-allocator-reduction-small-platforms=262144"
    "memorysetup-allocator-temp-initial-block-size-main=262144"
    "memorysetup-allocator-temp-initial-block-size-worker=262144"
    "memorysetup-temp-allocator-size-background-worker=32768"
    "memorysetup-temp-allocator-size-job-worker=262144"
    "memorysetup-temp-allocator-size-preload-manager=33554432"
    "memorysetup-temp-allocator-size-nav-mesh-worker=65536"
    "memorysetup-temp-allocator-size-audio-worker=65536"
    "memorysetup-temp-allocator-size-cloud-worker=32768"
    "memorysetup-temp-allocator-size-gi-baking-worker=262144"
    "memorysetup-temp-allocator-size-gfx=262144"
Player connection [3520] Host "[IP] 192.168.1.9 [Port] 0 [Flags] 2 [Guid] 1809627385 [EditorId] 1809627385 [Version] 1048832 [Id] WindowsEditor(7,Susi) [Debug] 1 [PackageName] WindowsEditor [ProjectName] Editor" joined multi-casting on [225.0.0.222:54997]...

Player connection [3520] Host "[IP] 192.168.1.9 [Port] 0 [Flags] 2 [Guid] 1809627385 [EditorId] 1809627385 [Version] 1048832 [Id] WindowsEditor(7,Susi) [Debug] 1 [PackageName] WindowsEditor [ProjectName] Editor" joined alternative multi-casting on [225.0.0.222:34997]...

Refreshing native plugins compatible for Editor in 21.02 ms, found 3 plugins.
Preloading 0 native plugins for Editor in 0.00 ms.
Initialize engine version: 2022.3.5f1 (9674261d40ee)
[Subsystems] Discovering subsystems at path C:/Program Files/Unity/Hub/Editor/2022.3.5f1/Editor/Data/Resources/UnitySubsystems
[Subsystems] Discovering subsystems at path C:/Users/Susana/Documents/GitHub/proyecto/Los-Capibaras/Assets
GfxDevice: creating device client; threaded=0; jobified=0
Direct3D:
    Version:  Direct3D 11.0 [level 11.1]
    Renderer: NVIDIA GeForce GTX 1050 Ti (ID=0x1c8c)
    Vendor:   NVIDIA
    VRAM:     4017 MB
    Driver:   31.0.15.4601
Initialize mono
Mono path[0] = 'C:/Program Files/Unity/Hub/Editor/2022.3.5f1/Editor/Data/Managed'
Mono path[1] = 'C:/Program Files/Unity/Hub/Editor/2022.3.5f1/Editor/Data/MonoBleedingEdge/lib/mono/unityjit-win32'
Mono config path = 'C:/Program Files/Unity/Hub/Editor/2022.3.5f1/Editor/Data/MonoBleedingEdge/etc'
Using monoOptions --debugger-agent=transport=dt_socket,embedding=1,server=y,suspend=n,address=127.0.0.1:56448
Begin MonoManager ReloadAssembly
Registering precompiled unity dll's ...
Register platform support module: C:/Program Files/Unity/Hub/Editor/2022.3.5f1/Editor/Data/PlaybackEngines/WebGLSupport/UnityEditor.WebGL.Extensions.dll
Register platform support module: C:/Program Files/Unity/Hub/Editor/2022.3.5f1/Editor/Data/PlaybackEngines/WindowsStandaloneSupport/UnityEditor.WindowsStandalone.Extensions.dll
Registered in 0.014179 seconds.
- Loaded All Assemblies, in  0.470 seconds
Native extension for WindowsStandalone target not found
Native extension for WebGL target not found
Mono: successfully reloaded assembly
- Finished resetting the current domain, in  0.370 seconds
Domain Reload Profiling: 838ms
	BeginReloadAssembly (119ms)
		ExecutionOrderSort (0ms)
		DisableScriptedObjects (0ms)
		BackupInstance (0ms)
		ReleaseScriptingObjects (0ms)
		CreateAndSetChildDomain (1ms)
	RebuildCommonClasses (53ms)
	RebuildNativeTypeToScriptingClass (16ms)
	initialDomainReloadingComplete (85ms)
	LoadAllAssembliesAndSetupDomain (195ms)
		LoadAssemblies (114ms)
		RebuildTransferFunctionScriptingTraits (0ms)
		AnalyzeDomain (187ms)
			TypeCache.Refresh (186ms)
				TypeCache.ScanAssembly (170ms)
			ScanForSourceGeneratedMonoScriptInfo (0ms)
			ResolveRequiredComponents (1ms)
	FinalizeReload (371ms)
		ReleaseScriptCaches (0ms)
		RebuildScriptCaches (0ms)
		SetupLoadedEditorAssemblies (282ms)
			LogAssemblyErrors (0ms)
			InitializePlatformSupportModulesInManaged (13ms)
			SetLoadedEditorAssemblies (8ms)
			RefreshPlugins (0ms)
			BeforeProcessingInitializeOnLoad (3ms)
			ProcessInitializeOnLoadAttributes (185ms)
			ProcessInitializeOnLoadMethodAttributes (73ms)
			AfterProcessingInitializeOnLoad (0ms)
			EditorAssembliesLoaded (0ms)
		ExecutionOrderSort2 (0ms)
		AwakeInstancesAfterBackupRestoration (0ms)
========================================================================
Worker process is ready to serve import requests
Begin MonoManager ReloadAssembly
Symbol file LoadedFromMemory doesn't match image C:\Users\Susana\Documents\GitHub\proyecto\Los-Capibaras\Library\PackageCache\com.unity.visualscripting@1.8.0\Editor\VisualScripting.Core\Dependencies\YamlDotNet\Unity.VisualScripting.YamlDotNet.dll
Symbol file LoadedFromMemory doesn't match image C:\Users\Susana\Documents\GitHub\proyecto\Los-Capibaras\Library\PackageCache\com.unity.visualscripting@1.8.0\Editor\VisualScripting.Core\Dependencies\DotNetZip\Unity.VisualScripting.IonicZip.dll
- Loaded All Assemblies, in  3.664 seconds
Refreshing native plugins compatible for Editor in 9.98 ms, found 3 plugins.
Native extension for WindowsStandalone target not found
Native extension for WebGL target not found
Mono: successfully reloaded assembly
- Finished resetting the current domain, in  0.628 seconds
Domain Reload Profiling: 4287ms
	BeginReloadAssembly (236ms)
		ExecutionOrderSort (0ms)
		DisableScriptedObjects (8ms)
		BackupInstance (0ms)
		ReleaseScriptingObjects (0ms)
		CreateAndSetChildDomain (38ms)
	RebuildCommonClasses (60ms)
	RebuildNativeTypeToScriptingClass (23ms)
	initialDomainReloadingComplete (85ms)
	LoadAllAssembliesAndSetupDomain (3255ms)
		LoadAssemblies (2549ms)
		RebuildTransferFunctionScriptingTraits (0ms)
		AnalyzeDomain (821ms)
			TypeCache.Refresh (817ms)
				TypeCache.ScanAssembly (743ms)
			ScanForSourceGeneratedMonoScriptInfo (2ms)
			ResolveRequiredComponents (1ms)
	FinalizeReload (628ms)
		ReleaseScriptCaches (0ms)
		RebuildScriptCaches (0ms)
		SetupLoadedEditorAssemblies (402ms)
			LogAssemblyErrors (0ms)
			InitializePlatformSupportModulesInManaged (13ms)
			SetLoadedEditorAssemblies (5ms)
			RefreshPlugins (0ms)
			BeforeProcessingInitializeOnLoad (137ms)
			ProcessInitializeOnLoadAttributes (196ms)
			ProcessInitializeOnLoadMethodAttributes (35ms)
			AfterProcessingInitializeOnLoad (15ms)
			EditorAssembliesLoaded (0ms)
		ExecutionOrderSort2 (0ms)
		AwakeInstancesAfterBackupRestoration (11ms)
Launched and connected shader compiler UnityShaderCompiler.exe after 0.09 seconds
Refreshing native plugins compatible for Editor in 12.30 ms, found 3 plugins.
Preloading 0 native plugins for Editor in 0.00 ms.
Unloading 4968 Unused Serialized files (Serialized files now loaded: 0)
Unloading 109 unused Assets / (6.9 MB). Loaded Objects now: 5336.
Memory consumption went from 168.5 MB to 161.7 MB.
Total: 9.921300 ms (FindLiveObjects: 0.830700 ms CreateObjectMapping: 0.665100 ms MarkObjects: 4.022900 ms  DeleteObjects: 4.400300 ms)

AssetImportParameters requested are different than current active one (requested -> active):
  custom:video-decoder-ogg-theora: a1e56fd34408186e4bbccfd4996cb3dc -> 
  custom:container-muxer-webm: aa71ff27fc2769a1b78a27578f13a17b -> 
  custom:container-demuxer-webm: 4f35f7cbe854078d1ac9338744f61a02 -> 
  custom:video-encoder-webm-vp8: eb34c28f22e8b96e1ab97ce403110664 -> 
  custom:video-codec-MediaFoundation-h265: 746d11721c4dcdbdad8f713fa42b33f4 -> 
  custom:audio-encoder-webm-vorbis: bf7c407c2cedff20999df2af8eb42d56 -> 
  custom:framework-win-MediaFoundation: 216162199b28c13a410421893ffa2e32 -> 
  custom:container-demuxer-ogg: 62fdf1f143b41e24485cea50d1cbac27 -> 
  custom:video-decoder-webm-vp8: 9c59270c3fd7afecdb556c50c9e8de78 -> 
  custom:audio-decoder-ogg-vorbis: bf7c407c2cedff20999df2af8eb42d56 -> 
  custom:AudioImporter_EditorPlatform: d09bf68614088b80899f8185d706f6e7 -> 
  custom:scripting/precompiled-assembly-types:Unity.Burst.Cecil.Rocks:  -> 437ffcd7628e1436004701f82021574b
  custom:scripting/precompiled-assembly-types:Unity.VisualScripting.YamlDotNet:  -> 42147c7a78dea3b36998a42e40ee1ca1
  custom:scripting/precompiled-assembly-types:Unity.VisualScripting.TextureAssets:  -> c56209796e0bbe0cf0954c819164de90
  custom:scripting/precompiled-assembly-types:unityplastic:  -> c88b43b34128fd408eae2a5e7f1e6a51
  custom:scripting/precompiled-assembly-types:log4net:  -> 019978558686b3dbe60f5be7e8a69682
  custom:scripting/precompiled-assembly-types:Unity.VisualScripting.IonicZip:  -> cbdf74419b68ead93c00ca698cf31212
  custom:scripting/precompiled-assembly-types:Unity.Plastic.Newtonsoft.Json:  -> c587937513b02a3c784dfd4229f1b707
  custom:scripting/precompiled-assembly-types:Unity.Plastic.Antlr3.Runtime:  -> 6770513df7cfb4050a1e6f0a02312f5b
  custom:scripting/precompiled-assembly-types:ReportGeneratorMerged:  -> a1824cb2563ee3a5abc6d3e314b6fbb6
  custom:scripting/precompiled-assembly-types:Unity.Burst.Cecil.Pdb:  -> 542ee58f25ed060f438b710d2d8b4fbd
  custom:scripting/precompiled-assembly-types:Unity.Burst.Cecil:  -> 997689720027a6523ba4efde94923b20
  custom:scripting/precompiled-assembly-types:Unity.Burst.Cecil.Mdb:  -> 267a0ac2928f725ab1cc9882bbfb898d
  custom:scripting/precompiled-assembly-types:Unity.Burst.Unsafe:  -> 4f83dd30d4d7964b63b36d2fe1e95684
  custom:scripting/precompiled-assembly-types:Unity.VisualScripting.Antlr3.Runtime:  -> faf423e1a2226361a83dad1da848e5b7
  custom:scripting/precompiled-assembly-types:nunit.framework:  -> de9c6147ae45b4e3446d0e562fb3bbe3
========================================================================
Received Import Request.
  Time since last request: 158478.066362 seconds.
  path: Assets/Ejercicios/EjercicioFinalDemo/Efecto 2/shader/agua.mat
  artifactKey: Guid(deba8227df465f944af66a011d9bb6f4) Importer(815301076,1909f56bfc062723c751e8b465ee728b)
Start importing Assets/Ejercicios/EjercicioFinalDemo/Efecto 2/shader/agua.mat using Guid(deba8227df465f944af66a011d9bb6f4) Importer(815301076,1909f56bfc062723c751e8b465ee728b)  -> (artifact id: '5da80055fefbce7fd5e33aed3599cd62') in 0.217196 seconds
Number of updated asset objects reloaded before import = 0
Number of asset objects unloaded after import = 3
========================================================================
Received Prepare
Refreshing native plugins compatible for Editor in 9.43 ms, found 3 plugins.
Preloading 0 native plugins for Editor in 0.00 ms.
Unloading 83 Unused Serialized files (Serialized files now loaded: 0)
Unloading 84 unused Assets / (6.9 MB). Loaded Objects now: 5378.
Memory consumption went from 97.7 MB to 90.8 MB.
Total: 9.581900 ms (FindLiveObjects: 0.440500 ms CreateObjectMapping: 0.456300 ms MarkObjects: 3.769800 ms  DeleteObjects: 4.912100 ms)

Prepare: number of updated asset objects reloaded= 0
AssetImportParameters requested are different than current active one (requested -> active):
  custom:video-decoder-ogg-theora: a1e56fd34408186e4bbccfd4996cb3dc -> 
  custom:container-muxer-webm: aa71ff27fc2769a1b78a27578f13a17b -> 
  custom:container-demuxer-webm: 4f35f7cbe854078d1ac9338744f61a02 -> 
  custom:video-encoder-webm-vp8: eb34c28f22e8b96e1ab97ce403110664 -> 
  custom:video-codec-MediaFoundation-h265: 746d11721c4dcdbdad8f713fa42b33f4 -> 
  custom:CustomObjectIndexerAttribute: 756ad292c208cfabdd7b50bc23989ffe -> 
  custom:audio-encoder-webm-vorbis: bf7c407c2cedff20999df2af8eb42d56 -> 
  custom:framework-win-MediaFoundation: 216162199b28c13a410421893ffa2e32 -> 
  custom:container-demuxer-ogg: 62fdf1f143b41e24485cea50d1cbac27 -> 
  custom:video-decoder-webm-vp8: 9c59270c3fd7afecdb556c50c9e8de78 -> 
  custom:audio-decoder-ogg-vorbis: bf7c407c2cedff20999df2af8eb42d56 -> 
  custom:AudioImporter_EditorPlatform: d09bf68614088b80899f8185d706f6e7 -> 
  custom:scripting/precompiled-assembly-types:Unity.Burst.Cecil.Rocks:  -> 437ffcd7628e1436004701f82021574b
  custom:scripting/precompiled-assembly-types:Unity.VisualScripting.YamlDotNet:  -> 42147c7a78dea3b36998a42e40ee1ca1
  custom:scripting/precompiled-assembly-types:Unity.VisualScripting.TextureAssets:  -> c56209796e0bbe0cf0954c819164de90
  custom:scripting/precompiled-assembly-types:unityplastic:  -> c88b43b34128fd408eae2a5e7f1e6a51
  custom:scripting/precompiled-assembly-types:log4net:  -> 019978558686b3dbe60f5be7e8a69682
  custom:scripting/precompiled-assembly-types:Unity.VisualScripting.IonicZip:  -> cbdf74419b68ead93c00ca698cf31212
  custom:scripting/precompiled-assembly-types:Unity.Plastic.Newtonsoft.Json:  -> c587937513b02a3c784dfd4229f1b707
  custom:scripting/precompiled-assembly-types:Unity.Plastic.Antlr3.Runtime:  -> 6770513df7cfb4050a1e6f0a02312f5b
  custom:scripting/precompiled-assembly-types:ReportGeneratorMerged:  -> a1824cb2563ee3a5abc6d3e314b6fbb6
  custom:scripting/precompiled-assembly-types:Unity.Burst.Cecil.Pdb:  -> 542ee58f25ed060f438b710d2d8b4fbd
  custom:scripting/precompiled-assembly-types:Unity.Burst.Cecil:  -> 997689720027a6523ba4efde94923b20
  custom:scripting/precompiled-assembly-types:Unity.Burst.Cecil.Mdb:  -> 267a0ac2928f725ab1cc9882bbfb898d
  custom:scripting/precompiled-assembly-types:Unity.Burst.Unsafe:  -> 4f83dd30d4d7964b63b36d2fe1e95684
  custom:scripting/precompiled-assembly-types:Unity.VisualScripting.Antlr3.Runtime:  -> faf423e1a2226361a83dad1da848e5b7
  custom:scripting/precompiled-assembly-types:nunit.framework:  -> de9c6147ae45b4e3446d0e562fb3bbe3
========================================================================
Received Import Request.
  Time since last request: 17.994021 seconds.
  path: Assets/Ejercicios/Ejercicio1 Tornado/Juan_Simon_Hurtado/Material/Tornado.mat
  artifactKey: Guid(5eb4891ade157cb45bd67b6c7ab66baf) Importer(815301076,1909f56bfc062723c751e8b465ee728b)
Start importing Assets/Ejercicios/Ejercicio1 Tornado/Juan_Simon_Hurtado/Material/Tornado.mat using Guid(5eb4891ade157cb45bd67b6c7ab66baf) Importer(815301076,1909f56bfc062723c751e8b465ee728b)  -> (artifact id: '9bad40ea9596ced0e05215f6a712b75a') in 0.026669 seconds
Number of updated asset objects reloaded before import = 0
Number of asset objects unloaded after import = 4
========================================================================
Received Import Request.
  Time since last request: 0.000017 seconds.
  path: Assets/Ejercicios/Ejercicio1 Tornado/Juan_Simon_Hurtado/Material/WaveFormless.mat
  artifactKey: Guid(7b32b1f1245639c45856a3abacf45d8d) Importer(815301076,1909f56bfc062723c751e8b465ee728b)
Start importing Assets/Ejercicios/Ejercicio1 Tornado/Juan_Simon_Hurtado/Material/WaveFormless.mat using Guid(7b32b1f1245639c45856a3abacf45d8d) Importer(815301076,1909f56bfc062723c751e8b465ee728b)  -> (artifact id: '96f868b0b40647475c66824dc0c8ed28') in 0.012778 seconds
Number of updated asset objects reloaded before import = 0
Number of asset objects unloaded after import = 3
========================================================================
Received Import Request.
  Time since last request: 0.000018 seconds.
  path: Assets/Ejercicios/Ejercicio1 Tornado/Juan_Simon_Hurtado/Material/Wind.mat
  artifactKey: Guid(93237e54749209240a0463d3c05e054b) Importer(815301076,1909f56bfc062723c751e8b465ee728b)
Start importing Assets/Ejercicios/Ejercicio1 Tornado/Juan_Simon_Hurtado/Material/Wind.mat using Guid(93237e54749209240a0463d3c05e054b) Importer(815301076,1909f56bfc062723c751e8b465ee728b)  -> (artifact id: 'fc54b9a4abfe5fc6adce6a218944b350') in 0.025654 seconds
Number of updated asset objects reloaded before import = 0
Number of asset objects unloaded after import = 4
========================================================================
Received Import Request.
  Time since last request: 0.000023 seconds.
  path: Assets/Ejercicios/Ejercicio1 Tornado/Juan_Simon_Hurtado/Material/Wave.mat
  artifactKey: Guid(2ed3347a2f96a11408f5a86d201c1ed7) Importer(815301076,1909f56bfc062723c751e8b465ee728b)
Start importing Assets/Ejercicios/Ejercicio1 Tornado/Juan_Simon_Hurtado/Material/Wave.mat using Guid(2ed3347a2f96a11408f5a86d201c1ed7) Importer(815301076,1909f56bfc062723c751e8b465ee728b)  -> (artifact id: 'c9c26d7afc91cab247c646f5263a665c') in 0.027138 seconds
Number of updated asset objects reloaded before import = 0
Number of asset objects unloaded after import = 4
========================================================================
Received Import Request.
  Time since last request: 2.345927 seconds.
  path: Assets/Ejercicios/Ejercicio1 Tornado/Juan_Simon_Hurtado/Mesh/Tornado.fbx
  artifactKey: Guid(ff4edffca2ec717499945843024d602a) Importer(815301076,1909f56bfc062723c751e8b465ee728b)
Start importing Assets/Ejercicios/Ejercicio1 Tornado/Juan_Simon_Hurtado/Mesh/Tornado.fbx using Guid(ff4edffca2ec717499945843024d602a) Importer(815301076,1909f56bfc062723c751e8b465ee728b)  -> (artifact id: '954c01aa6dfe423f918b17338b28abe5') in 0.555194 seconds
Number of updated asset objects reloaded before import = 0
Number of asset objects unloaded after import = 7
========================================================================
Received Import Request.
  Time since last request: 0.000027 seconds.
  path: Assets/Ejercicios/Ejercicio1 Tornado/Juan_Simon_Hurtado/Mesh/Wind.fbx
  artifactKey: Guid(7bcd55ff69fb61645bef2791d9ece46d) Importer(815301076,1909f56bfc062723c751e8b465ee728b)
Start importing Assets/Ejercicios/Ejercicio1 Tornado/Juan_Simon_Hurtado/Mesh/Wind.fbx using Guid(7bcd55ff69fb61645bef2791d9ece46d) Importer(815301076,1909f56bfc062723c751e8b465ee728b)  -> (artifact id: '121dcbc7ad19443a11a3f45c3424088e') in 0.023271 seconds
Number of updated asset objects reloaded before import = 0
Number of asset objects unloaded after import = 7
========================================================================
Received Import Request.
  Time since last request: 17.548330 seconds.
  path: Assets/Ejercicios/Ejercicio1 Tornado/Susana Bustamante/Material
  artifactKey: Guid(d970688a330cfe04db78620f6c24bfeb) Importer(815301076,1909f56bfc062723c751e8b465ee728b)
Start importing Assets/Ejercicios/Ejercicio1 Tornado/Susana Bustamante/Material using Guid(d970688a330cfe04db78620f6c24bfeb) Importer(815301076,1909f56bfc062723c751e8b465ee728b)  -> (artifact id: 'daa60c93a86c9cfa779dd703b1d2efc6') in 0.000613 seconds
Number of updated asset objects reloaded before import = 0
Number of asset objects unloaded after import = 0
========================================================================
Received Import Request.
  Time since last request: 1.861753 seconds.
  path: Assets/Ejercicios/Ejercicio1 Tornado/Susana Bustamante/Material/Glow.mat
  artifactKey: Guid(8b8e4a055b4d001439cc24eb358d2e70) Importer(815301076,1909f56bfc062723c751e8b465ee728b)
Start importing Assets/Ejercicios/Ejercicio1 Tornado/Susana Bustamante/Material/Glow.mat using Guid(8b8e4a055b4d001439cc24eb358d2e70) Importer(815301076,1909f56bfc062723c751e8b465ee728b)  -> (artifact id: '6af0cb41db0c1b2df1f1f0a25889e43b') in 0.010677 seconds
Number of updated asset objects reloaded before import = 0
Number of asset objects unloaded after import = 3
========================================================================
Received Import Request.
  Time since last request: 0.004585 seconds.
  path: Assets/Ejercicios/Ejercicio1 Tornado/Susana Bustamante/Material/TornadoGlow.mat
  artifactKey: Guid(6e8aed2936baf8648abe6db6beb0a4dd) Importer(815301076,1909f56bfc062723c751e8b465ee728b)
Start importing Assets/Ejercicios/Ejercicio1 Tornado/Susana Bustamante/Material/TornadoGlow.mat using Guid(6e8aed2936baf8648abe6db6beb0a4dd) Importer(815301076,1909f56bfc062723c751e8b465ee728b)  -> (artifact id: '308700f6daf4ea399cbe8b7f2a7b4be7') in 0.019310 seconds
Number of updated asset objects reloaded before import = 0
Number of asset objects unloaded after import = 4
========================================================================
Received Import Request.
  Time since last request: 0.000031 seconds.
  path: Assets/Ejercicios/Ejercicio1 Tornado/Susana Bustamante/Material/WaveFormless.mat
  artifactKey: Guid(86ea78d25d14d7e43a6f2a0333f7a4c8) Importer(815301076,1909f56bfc062723c751e8b465ee728b)
Start importing Assets/Ejercicios/Ejercicio1 Tornado/Susana Bustamante/Material/WaveFormless.mat using Guid(86ea78d25d14d7e43a6f2a0333f7a4c8) Importer(815301076,1909f56bfc062723c751e8b465ee728b)  -> (artifact id: 'b3f61b55e625fe2e09ebbd014298050d') in 0.014488 seconds
Number of updated asset objects reloaded before import = 0
Number of asset objects unloaded after import = 3
========================================================================
Received Import Request.
  Time since last request: 5.096550 seconds.
  path: Assets/Ejercicios/Ejercicio1 Tornado/Susana Bustamante/Texture/WaveFormless2.png
  artifactKey: Guid(6a62b8bfa736aeb479a811db21743939) Importer(815301076,1909f56bfc062723c751e8b465ee728b)
Start importing Assets/Ejercicios/Ejercicio1 Tornado/Susana Bustamante/Texture/WaveFormless2.png using Guid(6a62b8bfa736aeb479a811db21743939) Importer(815301076,1909f56bfc062723c751e8b465ee728b)  -> (artifact id: '8aaa8ed663ad973f81b8971b79330326') in 0.042627 seconds
Number of updated asset objects reloaded before import = 0
Number of asset objects unloaded after import = 2
========================================================================
Received Import Request.
  Time since last request: 9.842458 seconds.
  path: Assets/Ejercicios/Ejercicio1 Tornado/Susana Bustamante/Mesh/TornadoGlow.fbx
  artifactKey: Guid(7aeb28bb3879eb744b251a8fde40874d) Importer(815301076,1909f56bfc062723c751e8b465ee728b)
Start importing Assets/Ejercicios/Ejercicio1 Tornado/Susana Bustamante/Mesh/TornadoGlow.fbx using Guid(7aeb28bb3879eb744b251a8fde40874d) Importer(815301076,1909f56bfc062723c751e8b465ee728b)  -> (artifact id: '1d748916f94576890af1f98e40b7264c') in 0.031390 seconds
Number of updated asset objects reloaded before import = 0
Number of asset objects unloaded after import = 7
